2014/04/16 19:13:53 [error] [exception.CDbException] exception 'CDbException' with message 'CDbConnection failed to open the DB connection: SQLSTATE[HY000] [1049] Unknown database 'testdrive'' in /opt/lampp/htdocs/yii/framework/db/CDbConnection.php:382
Stack trace:
#0 /opt/lampp/htdocs/yii/framework/db/CDbConnection.php(330): CDbConnection->open()
#1 /opt/lampp/htdocs/yii/framework/db/CDbConnection.php(308): CDbConnection->setActive(true)
#2 /opt/lampp/htdocs/yii/framework/base/CModule.php(387): CDbConnection->init()
#3 /opt/lampp/htdocs/yii/framework/base/CModule.php(103): CModule->getComponent('db')
#4 /opt/lampp/htdocs/yii/framework/gii/generators/model/ModelCode.php(60): CModule->__get('db')
#5 /opt/lampp/htdocs/yii/framework/web/CFormModel.php(39): ModelCode->init()
#6 /opt/lampp/htdocs/yii/framework/gii/CCodeGenerator.php(153): CFormModel->__construct()
#7 /opt/lampp/htdocs/yii/framework/gii/CCodeGenerator.php(63): CCodeGenerator->prepare()
#8 /opt/lampp/htdocs/yii/framework/web/actions/CInlineAction.php(49): CCodeGenerator->actionIndex()
#9 /opt/lampp/htdocs/yii/framework/web/CController.php(308): CInlineAction->runWithParams(Array)
#10 /opt/lampp/htdocs/yii/framework/web/CController.php(286): CController->runAction(Object(CInlineAction))
#11 /opt/lampp/htdocs/yii/framework/web/CController.php(265): CController->runActionWithFilters(Object(CInlineAction), Array)
#12 /opt/lampp/htdocs/yii/framework/web/CWebApplication.php(282): CController->run('index')
#13 /opt/lampp/htdocs/yii/framework/web/CWebApplication.php(141): CWebApplication->runController('gii/model/index')
#14 /opt/lampp/htdocs/yii/framework/base/CApplication.php(180): CWebApplication->processRequest()
#15 /opt/lampp/htdocs/placement_portal/index.php(13): CApplication->run()
#16 {main}
REQUEST_URI=/placement_portal/index.php?r=gii/model/index
HTTP_REFERER=http://localhost/placement_portal/index.php?r=gii
---
2014/04/16 19:41:47 [error] [php] Undefined index: email (/opt/lampp/htdocs/placement_portal/protected/controllers/SiteController.php:111)
Stack trace:
#0 /opt/lampp/htdocs/placement_portal/yii/framework/web/CController.php(286): SiteController->runAction()
#1 /opt/lampp/htdocs/placement_portal/yii/framework/web/CController.php(265): SiteController->runActionWithFilters()
#2 /opt/lampp/htdocs/placement_portal/yii/framework/web/CWebApplication.php(282): SiteController->run()
#3 /opt/lampp/htdocs/placement_portal/yii/framework/web/CWebApplication.php(141): CWebApplication->runController()
#4 /opt/lampp/htdocs/placement_portal/yii/framework/base/CApplication.php(180): CWebApplication->processRequest()
#5 /opt/lampp/htdocs/placement_portal/index.php(13): CWebApplication->run()
REQUEST_URI=/placement_portal/index.php?r=site/test
in /opt/lampp/htdocs/placement_portal/protected/controllers/SiteController.php (111)
in /opt/lampp/htdocs/placement_portal/index.php (13)
2014/04/16 19:43:33 [error] [php] Undefined index: email (/opt/lampp/htdocs/placement_portal/protected/controllers/SiteController.php:111)
Stack trace:
#0 /opt/lampp/htdocs/placement_portal/yii/framework/web/CController.php(286): SiteController->runAction()
#1 /opt/lampp/htdocs/placement_portal/yii/framework/web/CController.php(265): SiteController->runActionWithFilters()
#2 /opt/lampp/htdocs/placement_portal/yii/framework/web/CWebApplication.php(282): SiteController->run()
#3 /opt/lampp/htdocs/placement_portal/yii/framework/web/CWebApplication.php(141): CWebApplication->runController()
#4 /opt/lampp/htdocs/placement_portal/yii/framework/base/CApplication.php(180): CWebApplication->processRequest()
#5 /opt/lampp/htdocs/placement_portal/index.php(13): CWebApplication->run()
REQUEST_URI=/placement_portal/index.php?r=site/test
in /opt/lampp/htdocs/placement_portal/protected/controllers/SiteController.php (111)
in /opt/lampp/htdocs/placement_portal/index.php (13)
2014/04/16 21:46:19 [error] [php] Undefined variable: model (/opt/lampp/htdocs/placement_portal/protected/views/site/regStudent.php:28)
Stack trace:
#0 /opt/lampp/htdocs/placement_portal/yii/framework/web/CController.php(869): SiteController->renderFile()
#1 /opt/lampp/htdocs/placement_portal/yii/framework/web/CController.php(782): SiteController->renderPartial()
#2 /opt/lampp/htdocs/placement_portal/protected/controllers/SiteController.php(119): SiteController->render()
#3 /opt/lampp/htdocs/placement_portal/yii/framework/web/actions/CInlineAction.php(49): SiteController->actionRegisterUser()
#4 /opt/lampp/htdocs/placement_portal/yii/framework/web/CController.php(308): CInlineAction->runWithParams()
#5 /opt/lampp/htdocs/placement_portal/yii/framework/web/CController.php(286): SiteController->runAction()
#6 /opt/lampp/htdocs/placement_portal/yii/framework/web/CController.php(265): SiteController->runActionWithFilters()
#7 /opt/lampp/htdocs/placement_portal/yii/framework/web/CWebApplication.php(282): SiteController->run()
#8 /opt/lampp/htdocs/placement_portal/yii/framework/web/CWebApplication.php(141): CWebApplication->runController()
#9 /opt/lampp/htdocs/placement_portal/yii/framework/base/CApplication.php(180): CWebApplication->processRequest()
#10 /opt/lampp/htdocs/placement_portal/index.php(13): CWebApplication->run()
REQUEST_URI=/placement_portal/index.php?r=site/registerUser
in /opt/lampp/htdocs/placement_portal/protected/views/site/regStudent.php (28)
in /opt/lampp/htdocs/placement_portal/protected/controllers/SiteController.php (119)
in /opt/lampp/htdocs/placement_portal/index.php (13)
2014/04/16 22:26:11 [error] [php] include(login.php): failed to open stream: No such file or directory (/opt/lampp/htdocs/placement_portal/yii/framework/YiiBase.php:427)
Stack trace:
#0 /opt/lampp/htdocs/placement_portal/protected/controllers/SiteController.php(119): spl_autoload_call()
#1 /opt/lampp/htdocs/placement_portal/yii/framework/web/actions/CInlineAction.php(49): SiteController->actionRegisterUser()
#2 /opt/lampp/htdocs/placement_portal/yii/framework/web/CController.php(308): CInlineAction->runWithParams()
#3 /opt/lampp/htdocs/placement_portal/yii/framework/web/CController.php(286): SiteController->runAction()
#4 /opt/lampp/htdocs/placement_portal/yii/framework/web/CController.php(265): SiteController->runActionWithFilters()
#5 /opt/lampp/htdocs/placement_portal/yii/framework/web/CWebApplication.php(282): SiteController->run()
#6 /opt/lampp/htdocs/placement_portal/yii/framework/web/CWebApplication.php(141): CWebApplication->runController()
#7 /opt/lampp/htdocs/placement_portal/yii/framework/base/CApplication.php(180): CWebApplication->processRequest()
#8 /opt/lampp/htdocs/placement_portal/index.php(13): CWebApplication->run()
REQUEST_URI=/placement_portal/index.php?r=site/registerUser
in /opt/lampp/htdocs/placement_portal/protected/controllers/SiteController.php (119)
in /opt/lampp/htdocs/placement_portal/index.php (13)
2014/04/16 22:26:37 [error] [php] Undefined variable: form (/opt/lampp/htdocs/placement_portal/protected/views/site/regStudent.php:18)
Stack trace:
#0 /opt/lampp/htdocs/placement_portal/yii/framework/web/CController.php(869): SiteController->renderFile()
#1 /opt/lampp/htdocs/placement_portal/yii/framework/web/CController.php(782): SiteController->renderPartial()
#2 /opt/lampp/htdocs/placement_portal/protected/controllers/SiteController.php(121): SiteController->render()
#3 /opt/lampp/htdocs/placement_portal/yii/framework/web/actions/CInlineAction.php(49): SiteController->actionRegisterUser()
#4 /opt/lampp/htdocs/placement_portal/yii/framework/web/CController.php(308): CInlineAction->runWithParams()
#5 /opt/lampp/htdocs/placement_portal/yii/framework/web/CController.php(286): SiteController->runAction()
#6 /opt/lampp/htdocs/placement_portal/yii/framework/web/CController.php(265): SiteController->runActionWithFilters()
#7 /opt/lampp/htdocs/placement_portal/yii/framework/web/CWebApplication.php(282): SiteController->run()
#8 /opt/lampp/htdocs/placement_portal/yii/framework/web/CWebApplication.php(141): CWebApplication->runController()
#9 /opt/lampp/htdocs/placement_portal/yii/framework/base/CApplication.php(180): CWebApplication->processRequest()
#10 /opt/lampp/htdocs/placement_portal/index.php(13): CWebApplication->run()
REQUEST_URI=/placement_portal/index.php?r=site/registerUser
in /opt/lampp/htdocs/placement_portal/protected/views/site/regStudent.php (18)
in /opt/lampp/htdocs/placement_portal/protected/controllers/SiteController.php (121)
in /opt/lampp/htdocs/placement_portal/index.php (13)
2014/04/16 23:21:54 [error] [exception.CException] exception 'CException' with message 'SiteController cannot find the requested view "_//login/_form".' in /opt/lampp/htdocs/placement_portal/yii/framework/web/CController.php:878
Stack trace:
#0 /opt/lampp/htdocs/placement_portal/protected/views/site/regStudent.php(16): CController->renderPartial('_//login/_form', Array)
#1 /opt/lampp/htdocs/placement_portal/yii/framework/web/CBaseController.php(126): require('/opt/lampp/htdo...')
#2 /opt/lampp/htdocs/placement_portal/yii/framework/web/CBaseController.php(95): CBaseController->renderInternal('/opt/lampp/htdo...', Array, true)
#3 /opt/lampp/htdocs/placement_portal/yii/framework/web/CController.php(869): CBaseController->renderFile('/opt/lampp/htdo...', Array, true)
#4 /opt/lampp/htdocs/placement_portal/yii/framework/web/CController.php(782): CController->renderPartial('regStudent', Array, true)
#5 /opt/lampp/htdocs/placement_portal/protected/controllers/SiteController.php(138): CController->render('regStudent', Array)
#6 /opt/lampp/htdocs/placement_portal/yii/framework/web/actions/CInlineAction.php(49): SiteController->actionRegisterUser()
#7 /opt/lampp/htdocs/placement_portal/yii/framework/web/CController.php(308): CInlineAction->runWithParams(Array)
#8 /opt/lampp/htdocs/placement_portal/yii/framework/web/CController.php(286): CController->runAction(Object(CInlineAction))
#9 /opt/lampp/htdocs/placement_portal/yii/framework/web/CController.php(265): CController->runActionWithFilters(Object(CInlineAction), Array)
#10 /opt/lampp/htdocs/placement_portal/yii/framework/web/CWebApplication.php(282): CController->run('registerUser')
#11 /opt/lampp/htdocs/placement_portal/yii/framework/web/CWebApplication.php(141): CWebApplication->runController('site/registerUs...')
#12 /opt/lampp/htdocs/placement_portal/yii/framework/base/CApplication.php(180): CWebApplication->processRequest()
#13 /opt/lampp/htdocs/placement_portal/index.php(13): CApplication->run()
#14 {main}
REQUEST_URI=/placement_portal/index.php?r=site/registerUser
---
2014/04/16 23:22:23 [error] [exception.CException] exception 'CException' with message 'SiteController has an extra endWidget() call in its view.' in /opt/lampp/htdocs/placement_portal/yii/framework/web/CBaseController.php:210
Stack trace:
#0 /opt/lampp/htdocs/placement_portal/protected/views/site/regStudent.php(19): CBaseController->endWidget()
#1 /opt/lampp/htdocs/placement_portal/yii/framework/web/CBaseController.php(126): require('/opt/lampp/htdo...')
#2 /opt/lampp/htdocs/placement_portal/yii/framework/web/CBaseController.php(95): CBaseController->renderInternal('/opt/lampp/htdo...', Array, true)
#3 /opt/lampp/htdocs/placement_portal/yii/framework/web/CController.php(869): CBaseController->renderFile('/opt/lampp/htdo...', Array, true)
#4 /opt/lampp/htdocs/placement_portal/yii/framework/web/CController.php(782): CController->renderPartial('regStudent', Array, true)
#5 /opt/lampp/htdocs/placement_portal/protected/controllers/SiteController.php(138): CController->render('regStudent', Array)
#6 /opt/lampp/htdocs/placement_portal/yii/framework/web/actions/CInlineAction.php(49): SiteController->actionRegisterUser()
#7 /opt/lampp/htdocs/placement_portal/yii/framework/web/CController.php(308): CInlineAction->runWithParams(Array)
#8 /opt/lampp/htdocs/placement_portal/yii/framework/web/CController.php(286): CController->runAction(Object(CInlineAction))
#9 /opt/lampp/htdocs/placement_portal/yii/framework/web/CController.php(265): CController->runActionWithFilters(Object(CInlineAction), Array)
#10 /opt/lampp/htdocs/placement_portal/yii/framework/web/CWebApplication.php(282): CController->run('registerUser')
#11 /opt/lampp/htdocs/placement_portal/yii/framework/web/CWebApplication.php(141): CWebApplication->runController('site/registerUs...')
#12 /opt/lampp/htdocs/placement_portal/yii/framework/base/CApplication.php(180): CWebApplication->processRequest()
#13 /opt/lampp/htdocs/placement_portal/index.php(13): CApplication->run()
#14 {main}
REQUEST_URI=/placement_portal/index.php?r=site/registerUser
---
2014/04/16 23:22:25 [error] [exception.CException] exception 'CException' with message 'SiteController has an extra endWidget() call in its view.' in /opt/lampp/htdocs/placement_portal/yii/framework/web/CBaseController.php:210
Stack trace:
#0 /opt/lampp/htdocs/placement_portal/protected/views/site/regStudent.php(19): CBaseController->endWidget()
#1 /opt/lampp/htdocs/placement_portal/yii/framework/web/CBaseController.php(126): require('/opt/lampp/htdo...')
#2 /opt/lampp/htdocs/placement_portal/yii/framework/web/CBaseController.php(95): CBaseController->renderInternal('/opt/lampp/htdo...', Array, true)
#3 /opt/lampp/htdocs/placement_portal/yii/framework/web/CController.php(869): CBaseController->renderFile('/opt/lampp/htdo...', Array, true)
#4 /opt/lampp/htdocs/placement_portal/yii/framework/web/CController.php(782): CController->renderPartial('regStudent', Array, true)
#5 /opt/lampp/htdocs/placement_portal/protected/controllers/SiteController.php(138): CController->render('regStudent', Array)
#6 /opt/lampp/htdocs/placement_portal/yii/framework/web/actions/CInlineAction.php(49): SiteController->actionRegisterUser()
#7 /opt/lampp/htdocs/placement_portal/yii/framework/web/CController.php(308): CInlineAction->runWithParams(Array)
#8 /opt/lampp/htdocs/placement_portal/yii/framework/web/CController.php(286): CController->runAction(Object(CInlineAction))
#9 /opt/lampp/htdocs/placement_portal/yii/framework/web/CController.php(265): CController->runActionWithFilters(Object(CInlineAction), Array)
#10 /opt/lampp/htdocs/placement_portal/yii/framework/web/CWebApplication.php(282): CController->run('registerUser')
#11 /opt/lampp/htdocs/placement_portal/yii/framework/web/CWebApplication.php(141): CWebApplication->runController('site/registerUs...')
#12 /opt/lampp/htdocs/placement_portal/yii/framework/base/CApplication.php(180): CWebApplication->processRequest()
#13 /opt/lampp/htdocs/placement_portal/index.php(13): CApplication->run()
#14 {main}
REQUEST_URI=/placement_portal/index.php?r=site/registerUser
---
2014/04/17 00:03:50 [error] [exception.CException] exception 'CException' with message 'SiteController cannot find the requested view "_regStudentform".' in /opt/lampp/htdocs/placement_portal/yii/framework/web/CController.php:878
Stack trace:
#0 /opt/lampp/htdocs/placement_portal/protected/views/site/regStudent.php(16): CController->renderPartial('_regStudentform', Array)
#1 /opt/lampp/htdocs/placement_portal/yii/framework/web/CBaseController.php(126): require('/opt/lampp/htdo...')
#2 /opt/lampp/htdocs/placement_portal/yii/framework/web/CBaseController.php(95): CBaseController->renderInternal('/opt/lampp/htdo...', Array, true)
#3 /opt/lampp/htdocs/placement_portal/yii/framework/web/CController.php(869): CBaseController->renderFile('/opt/lampp/htdo...', Array, true)
#4 /opt/lampp/htdocs/placement_portal/yii/framework/web/CController.php(782): CController->renderPartial('regStudent', Array, true)
#5 /opt/lampp/htdocs/placement_portal/protected/controllers/SiteController.php(138): CController->render('regStudent', Array)
#6 /opt/lampp/htdocs/placement_portal/yii/framework/web/actions/CInlineAction.php(49): SiteController->actionRegisterUser()
#7 /opt/lampp/htdocs/placement_portal/yii/framework/web/CController.php(308): CInlineAction->runWithParams(Array)
#8 /opt/lampp/htdocs/placement_portal/yii/framework/web/CController.php(286): CController->runAction(Object(CInlineAction))
#9 /opt/lampp/htdocs/placement_portal/yii/framework/web/CController.php(265): CController->runActionWithFilters(Object(CInlineAction), Array)
#10 /opt/lampp/htdocs/placement_portal/yii/framework/web/CWebApplication.php(282): CController->run('registerUser')
#11 /opt/lampp/htdocs/placement_portal/yii/framework/web/CWebApplication.php(141): CWebApplication->runController('site/registerUs...')
#12 /opt/lampp/htdocs/placement_portal/yii/framework/base/CApplication.php(180): CWebApplication->processRequest()
#13 /opt/lampp/htdocs/placement_portal/index.php(13): CApplication->run()
#14 {main}
REQUEST_URI=/placement_portal/index.php?r=site/registerUser
---
2014/04/17 00:17:37 [error] [system.db.CDbCommand] CDbCommand::execute() failed: SQLSTATE[23000]: Integrity constraint violation: 1062 Duplicate entry 'lodhi.harshil@gmail.com' for key 'PRIMARY'. The SQL statement executed was: INSERT INTO `login` (`email_id`, `password`, `level`) VALUES (:yp0, :yp1, :yp2).
in /opt/lampp/htdocs/placement_portal/protected/controllers/SiteController.php (136)
in /opt/lampp/htdocs/placement_portal/index.php (13)
2014/04/17 00:17:37 [error] [exception.CDbException] exception 'CDbException' with message 'CDbCommand failed to execute the SQL statement: SQLSTATE[23000]: Integrity constraint violation: 1062 Duplicate entry 'lodhi.harshil@gmail.com' for key 'PRIMARY'. The SQL statement executed was: INSERT INTO `login` (`email_id`, `password`, `level`) VALUES (:yp0, :yp1, :yp2)' in /opt/lampp/htdocs/placement_portal/yii/framework/db/CDbCommand.php:358
Stack trace:
#0 /opt/lampp/htdocs/placement_portal/yii/framework/db/ar/CActiveRecord.php(1077): CDbCommand->execute()
#1 /opt/lampp/htdocs/placement_portal/yii/framework/db/ar/CActiveRecord.php(806): CActiveRecord->insert(NULL)
#2 /opt/lampp/htdocs/placement_portal/protected/controllers/SiteController.php(136): CActiveRecord->save()
#3 /opt/lampp/htdocs/placement_portal/yii/framework/web/actions/CInlineAction.php(49): SiteController->actionRegisterUser()
#4 /opt/lampp/htdocs/placement_portal/yii/framework/web/CController.php(308): CInlineAction->runWithParams(Array)
#5 /opt/lampp/htdocs/placement_portal/yii/framework/web/CController.php(286): CController->runAction(Object(CInlineAction))
#6 /opt/lampp/htdocs/placement_portal/yii/framework/web/CController.php(265): CController->runActionWithFilters(Object(CInlineAction), Array)
#7 /opt/lampp/htdocs/placement_portal/yii/framework/web/CWebApplication.php(282): CController->run('registerUser')
#8 /opt/lampp/htdocs/placement_portal/yii/framework/web/CWebApplication.php(141): CWebApplication->runController('site/registerUs...')
#9 /opt/lampp/htdocs/placement_portal/yii/framework/base/CApplication.php(180): CWebApplication->processRequest()
#10 /opt/lampp/htdocs/placement_portal/index.php(13): CApplication->run()
#11 {main}
REQUEST_URI=/placement_portal/index.php?r=site/registerUser
HTTP_REFERER=http://localhost/placement_portal/index.php?r=site/registerUser
---
2014/04/17 00:17:40 [error] [system.db.CDbCommand] CDbCommand::execute() failed: SQLSTATE[23000]: Integrity constraint violation: 1062 Duplicate entry 'lodhi.harshil@gmail.com' for key 'PRIMARY'. The SQL statement executed was: INSERT INTO `login` (`email_id`, `password`, `level`) VALUES (:yp0, :yp1, :yp2).
in /opt/lampp/htdocs/placement_portal/protected/controllers/SiteController.php (136)
in /opt/lampp/htdocs/placement_portal/index.php (13)
2014/04/17 00:17:40 [error] [exception.CDbException] exception 'CDbException' with message 'CDbCommand failed to execute the SQL statement: SQLSTATE[23000]: Integrity constraint violation: 1062 Duplicate entry 'lodhi.harshil@gmail.com' for key 'PRIMARY'. The SQL statement executed was: INSERT INTO `login` (`email_id`, `password`, `level`) VALUES (:yp0, :yp1, :yp2)' in /opt/lampp/htdocs/placement_portal/yii/framework/db/CDbCommand.php:358
Stack trace:
#0 /opt/lampp/htdocs/placement_portal/yii/framework/db/ar/CActiveRecord.php(1077): CDbCommand->execute()
#1 /opt/lampp/htdocs/placement_portal/yii/framework/db/ar/CActiveRecord.php(806): CActiveRecord->insert(NULL)
#2 /opt/lampp/htdocs/placement_portal/protected/controllers/SiteController.php(136): CActiveRecord->save()
#3 /opt/lampp/htdocs/placement_portal/yii/framework/web/actions/CInlineAction.php(49): SiteController->actionRegisterUser()
#4 /opt/lampp/htdocs/placement_portal/yii/framework/web/CController.php(308): CInlineAction->runWithParams(Array)
#5 /opt/lampp/htdocs/placement_portal/yii/framework/web/CController.php(286): CController->runAction(Object(CInlineAction))
#6 /opt/lampp/htdocs/placement_portal/yii/framework/web/CController.php(265): CController->runActionWithFilters(Object(CInlineAction), Array)
#7 /opt/lampp/htdocs/placement_portal/yii/framework/web/CWebApplication.php(282): CController->run('registerUser')
#8 /opt/lampp/htdocs/placement_portal/yii/framework/web/CWebApplication.php(141): CWebApplication->runController('site/registerUs...')
#9 /opt/lampp/htdocs/placement_portal/yii/framework/base/CApplication.php(180): CWebApplication->processRequest()
#10 /opt/lampp/htdocs/placement_portal/index.php(13): CApplication->run()
#11 {main}
REQUEST_URI=/placement_portal/index.php?r=site/registerUser
HTTP_REFERER=http://localhost/placement_portal/index.php?r=site/registerUser
---
2014/04/17 00:17:43 [error] [system.db.CDbCommand] CDbCommand::execute() failed: SQLSTATE[23000]: Integrity constraint violation: 1062 Duplicate entry 'lodhi.harshil@gmail.com' for key 'PRIMARY'. The SQL statement executed was: INSERT INTO `login` (`email_id`, `password`, `level`) VALUES (:yp0, :yp1, :yp2).
in /opt/lampp/htdocs/placement_portal/protected/controllers/SiteController.php (136)
in /opt/lampp/htdocs/placement_portal/index.php (13)
2014/04/17 00:17:43 [error] [exception.CDbException] exception 'CDbException' with message 'CDbCommand failed to execute the SQL statement: SQLSTATE[23000]: Integrity constraint violation: 1062 Duplicate entry 'lodhi.harshil@gmail.com' for key 'PRIMARY'. The SQL statement executed was: INSERT INTO `login` (`email_id`, `password`, `level`) VALUES (:yp0, :yp1, :yp2)' in /opt/lampp/htdocs/placement_portal/yii/framework/db/CDbCommand.php:358
Stack trace:
#0 /opt/lampp/htdocs/placement_portal/yii/framework/db/ar/CActiveRecord.php(1077): CDbCommand->execute()
#1 /opt/lampp/htdocs/placement_portal/yii/framework/db/ar/CActiveRecord.php(806): CActiveRecord->insert(NULL)
#2 /opt/lampp/htdocs/placement_portal/protected/controllers/SiteController.php(136): CActiveRecord->save()
#3 /opt/lampp/htdocs/placement_portal/yii/framework/web/actions/CInlineAction.php(49): SiteController->actionRegisterUser()
#4 /opt/lampp/htdocs/placement_portal/yii/framework/web/CController.php(308): CInlineAction->runWithParams(Array)
#5 /opt/lampp/htdocs/placement_portal/yii/framework/web/CController.php(286): CController->runAction(Object(CInlineAction))
#6 /opt/lampp/htdocs/placement_portal/yii/framework/web/CController.php(265): CController->runActionWithFilters(Object(CInlineAction), Array)
#7 /opt/lampp/htdocs/placement_portal/yii/framework/web/CWebApplication.php(282): CController->run('registerUser')
#8 /opt/lampp/htdocs/placement_portal/yii/framework/web/CWebApplication.php(141): CWebApplication->runController('site/registerUs...')
#9 /opt/lampp/htdocs/placement_portal/yii/framework/base/CApplication.php(180): CWebApplication->processRequest()
#10 /opt/lampp/htdocs/placement_portal/index.php(13): CApplication->run()
#11 {main}
REQUEST_URI=/placement_portal/index.php?r=site/registerUser
HTTP_REFERER=http://localhost/placement_portal/index.php?r=site/registerUser
---
2014/04/17 00:17:43 [error] [system.db.CDbCommand] CDbCommand::execute() failed: SQLSTATE[23000]: Integrity constraint violation: 1062 Duplicate entry 'lodhi.harshil@gmail.com' for key 'PRIMARY'. The SQL statement executed was: INSERT INTO `login` (`email_id`, `password`, `level`) VALUES (:yp0, :yp1, :yp2).
in /opt/lampp/htdocs/placement_portal/protected/controllers/SiteController.php (136)
in /opt/lampp/htdocs/placement_portal/index.php (13)
2014/04/17 00:17:43 [error] [exception.CDbException] exception 'CDbException' with message 'CDbCommand failed to execute the SQL statement: SQLSTATE[23000]: Integrity constraint violation: 1062 Duplicate entry 'lodhi.harshil@gmail.com' for key 'PRIMARY'. The SQL statement executed was: INSERT INTO `login` (`email_id`, `password`, `level`) VALUES (:yp0, :yp1, :yp2)' in /opt/lampp/htdocs/placement_portal/yii/framework/db/CDbCommand.php:358
Stack trace:
#0 /opt/lampp/htdocs/placement_portal/yii/framework/db/ar/CActiveRecord.php(1077): CDbCommand->execute()
#1 /opt/lampp/htdocs/placement_portal/yii/framework/db/ar/CActiveRecord.php(806): CActiveRecord->insert(NULL)
#2 /opt/lampp/htdocs/placement_portal/protected/controllers/SiteController.php(136): CActiveRecord->save()
#3 /opt/lampp/htdocs/placement_portal/yii/framework/web/actions/CInlineAction.php(49): SiteController->actionRegisterUser()
#4 /opt/lampp/htdocs/placement_portal/yii/framework/web/CController.php(308): CInlineAction->runWithParams(Array)
#5 /opt/lampp/htdocs/placement_portal/yii/framework/web/CController.php(286): CController->runAction(Object(CInlineAction))
#6 /opt/lampp/htdocs/placement_portal/yii/framework/web/CController.php(265): CController->runActionWithFilters(Object(CInlineAction), Array)
#7 /opt/lampp/htdocs/placement_portal/yii/framework/web/CWebApplication.php(282): CController->run('registerUser')
#8 /opt/lampp/htdocs/placement_portal/yii/framework/web/CWebApplication.php(141): CWebApplication->runController('site/registerUs...')
#9 /opt/lampp/htdocs/placement_portal/yii/framework/base/CApplication.php(180): CWebApplication->processRequest()
#10 /opt/lampp/htdocs/placement_portal/index.php(13): CApplication->run()
#11 {main}
REQUEST_URI=/placement_portal/index.php?r=site/registerUser
HTTP_REFERER=http://localhost/placement_portal/index.php?r=site/registerUser
---
2014/04/17 00:17:46 [error] [system.db.CDbCommand] CDbCommand::execute() failed: SQLSTATE[23000]: Integrity constraint violation: 1062 Duplicate entry 'lodhi.harshil@gmail.com' for key 'PRIMARY'. The SQL statement executed was: INSERT INTO `login` (`email_id`, `password`, `level`) VALUES (:yp0, :yp1, :yp2).
in /opt/lampp/htdocs/placement_portal/protected/controllers/SiteController.php (136)
in /opt/lampp/htdocs/placement_portal/index.php (13)
2014/04/17 00:17:46 [error] [exception.CDbException] exception 'CDbException' with message 'CDbCommand failed to execute the SQL statement: SQLSTATE[23000]: Integrity constraint violation: 1062 Duplicate entry 'lodhi.harshil@gmail.com' for key 'PRIMARY'. The SQL statement executed was: INSERT INTO `login` (`email_id`, `password`, `level`) VALUES (:yp0, :yp1, :yp2)' in /opt/lampp/htdocs/placement_portal/yii/framework/db/CDbCommand.php:358
Stack trace:
#0 /opt/lampp/htdocs/placement_portal/yii/framework/db/ar/CActiveRecord.php(1077): CDbCommand->execute()
#1 /opt/lampp/htdocs/placement_portal/yii/framework/db/ar/CActiveRecord.php(806): CActiveRecord->insert(NULL)
#2 /opt/lampp/htdocs/placement_portal/protected/controllers/SiteController.php(136): CActiveRecord->save()
#3 /opt/lampp/htdocs/placement_portal/yii/framework/web/actions/CInlineAction.php(49): SiteController->actionRegisterUser()
#4 /opt/lampp/htdocs/placement_portal/yii/framework/web/CController.php(308): CInlineAction->runWithParams(Array)
#5 /opt/lampp/htdocs/placement_portal/yii/framework/web/CController.php(286): CController->runAction(Object(CInlineAction))
#6 /opt/lampp/htdocs/placement_portal/yii/framework/web/CController.php(265): CController->runActionWithFilters(Object(CInlineAction), Array)
#7 /opt/lampp/htdocs/placement_portal/yii/framework/web/CWebApplication.php(282): CController->run('registerUser')
#8 /opt/lampp/htdocs/placement_portal/yii/framework/web/CWebApplication.php(141): CWebApplication->runController('site/registerUs...')
#9 /opt/lampp/htdocs/placement_portal/yii/framework/base/CApplication.php(180): CWebApplication->processRequest()
#10 /opt/lampp/htdocs/placement_portal/index.php(13): CApplication->run()
#11 {main}
REQUEST_URI=/placement_portal/index.php?r=site/registerUser
HTTP_REFERER=http://localhost/placement_portal/index.php?r=site/registerUser
---
2014/04/17 00:17:49 [error] [system.db.CDbCommand] CDbCommand::execute() failed: SQLSTATE[23000]: Integrity constraint violation: 1062 Duplicate entry 'lodhi.harshil@gmail.com' for key 'PRIMARY'. The SQL statement executed was: INSERT INTO `login` (`email_id`, `password`, `level`) VALUES (:yp0, :yp1, :yp2).
in /opt/lampp/htdocs/placement_portal/protected/controllers/SiteController.php (136)
in /opt/lampp/htdocs/placement_portal/index.php (13)
2014/04/17 00:17:49 [error] [exception.CDbException] exception 'CDbException' with message 'CDbCommand failed to execute the SQL statement: SQLSTATE[23000]: Integrity constraint violation: 1062 Duplicate entry 'lodhi.harshil@gmail.com' for key 'PRIMARY'. The SQL statement executed was: INSERT INTO `login` (`email_id`, `password`, `level`) VALUES (:yp0, :yp1, :yp2)' in /opt/lampp/htdocs/placement_portal/yii/framework/db/CDbCommand.php:358
Stack trace:
#0 /opt/lampp/htdocs/placement_portal/yii/framework/db/ar/CActiveRecord.php(1077): CDbCommand->execute()
#1 /opt/lampp/htdocs/placement_portal/yii/framework/db/ar/CActiveRecord.php(806): CActiveRecord->insert(NULL)
#2 /opt/lampp/htdocs/placement_portal/protected/controllers/SiteController.php(136): CActiveRecord->save()
#3 /opt/lampp/htdocs/placement_portal/yii/framework/web/actions/CInlineAction.php(49): SiteController->actionRegisterUser()
#4 /opt/lampp/htdocs/placement_portal/yii/framework/web/CController.php(308): CInlineAction->runWithParams(Array)
#5 /opt/lampp/htdocs/placement_portal/yii/framework/web/CController.php(286): CController->runAction(Object(CInlineAction))
#6 /opt/lampp/htdocs/placement_portal/yii/framework/web/CController.php(265): CController->runActionWithFilters(Object(CInlineAction), Array)
#7 /opt/lampp/htdocs/placement_portal/yii/framework/web/CWebApplication.php(282): CController->run('registerUser')
#8 /opt/lampp/htdocs/placement_portal/yii/framework/web/CWebApplication.php(141): CWebApplication->runController('site/registerUs...')
#9 /opt/lampp/htdocs/placement_portal/yii/framework/base/CApplication.php(180): CWebApplication->processRequest()
#10 /opt/lampp/htdocs/placement_portal/index.php(13): CApplication->run()
#11 {main}
REQUEST_URI=/placement_portal/index.php?r=site/registerUser
HTTP_REFERER=http://localhost/placement_portal/index.php?r=site/registerUser
---
2014/04/17 00:17:52 [error] [system.db.CDbCommand] CDbCommand::execute() failed: SQLSTATE[23000]: Integrity constraint violation: 1062 Duplicate entry 'lodhi.harshil@gmail.com' for key 'PRIMARY'. The SQL statement executed was: INSERT INTO `login` (`email_id`, `password`, `level`) VALUES (:yp0, :yp1, :yp2).
in /opt/lampp/htdocs/placement_portal/protected/controllers/SiteController.php (136)
in /opt/lampp/htdocs/placement_portal/index.php (13)
2014/04/17 00:17:52 [error] [exception.CDbException] exception 'CDbException' with message 'CDbCommand failed to execute the SQL statement: SQLSTATE[23000]: Integrity constraint violation: 1062 Duplicate entry 'lodhi.harshil@gmail.com' for key 'PRIMARY'. The SQL statement executed was: INSERT INTO `login` (`email_id`, `password`, `level`) VALUES (:yp0, :yp1, :yp2)' in /opt/lampp/htdocs/placement_portal/yii/framework/db/CDbCommand.php:358
Stack trace:
#0 /opt/lampp/htdocs/placement_portal/yii/framework/db/ar/CActiveRecord.php(1077): CDbCommand->execute()
#1 /opt/lampp/htdocs/placement_portal/yii/framework/db/ar/CActiveRecord.php(806): CActiveRecord->insert(NULL)
#2 /opt/lampp/htdocs/placement_portal/protected/controllers/SiteController.php(136): CActiveRecord->save()
#3 /opt/lampp/htdocs/placement_portal/yii/framework/web/actions/CInlineAction.php(49): SiteController->actionRegisterUser()
#4 /opt/lampp/htdocs/placement_portal/yii/framework/web/CController.php(308): CInlineAction->runWithParams(Array)
#5 /opt/lampp/htdocs/placement_portal/yii/framework/web/CController.php(286): CController->runAction(Object(CInlineAction))
#6 /opt/lampp/htdocs/placement_portal/yii/framework/web/CController.php(265): CController->runActionWithFilters(Object(CInlineAction), Array)
#7 /opt/lampp/htdocs/placement_portal/yii/framework/web/CWebApplication.php(282): CController->run('registerUser')
#8 /opt/lampp/htdocs/placement_portal/yii/framework/web/CWebApplication.php(141): CWebApplication->runController('site/registerUs...')
#9 /opt/lampp/htdocs/placement_portal/yii/framework/base/CApplication.php(180): CWebApplication->processRequest()
#10 /opt/lampp/htdocs/placement_portal/index.php(13): CApplication->run()
#11 {main}
REQUEST_URI=/placement_portal/index.php?r=site/registerUser
HTTP_REFERER=http://localhost/placement_portal/index.php?r=site/registerUser
---
2014/04/17 00:18:13 [error] [system.db.CDbCommand] CDbCommand::execute() failed: SQLSTATE[23000]: Integrity constraint violation: 1062 Duplicate entry 'lodhi.harshil@gmail.com' for key 'PRIMARY'. The SQL statement executed was: INSERT INTO `login` (`email_id`, `password`, `level`) VALUES (:yp0, :yp1, :yp2).
in /opt/lampp/htdocs/placement_portal/protected/controllers/SiteController.php (136)
in /opt/lampp/htdocs/placement_portal/index.php (13)
2014/04/17 00:18:13 [error] [exception.CDbException] exception 'CDbException' with message 'CDbCommand failed to execute the SQL statement: SQLSTATE[23000]: Integrity constraint violation: 1062 Duplicate entry 'lodhi.harshil@gmail.com' for key 'PRIMARY'. The SQL statement executed was: INSERT INTO `login` (`email_id`, `password`, `level`) VALUES (:yp0, :yp1, :yp2)' in /opt/lampp/htdocs/placement_portal/yii/framework/db/CDbCommand.php:358
Stack trace:
#0 /opt/lampp/htdocs/placement_portal/yii/framework/db/ar/CActiveRecord.php(1077): CDbCommand->execute()
#1 /opt/lampp/htdocs/placement_portal/yii/framework/db/ar/CActiveRecord.php(806): CActiveRecord->insert(NULL)
#2 /opt/lampp/htdocs/placement_portal/protected/controllers/SiteController.php(136): CActiveRecord->save()
#3 /opt/lampp/htdocs/placement_portal/yii/framework/web/actions/CInlineAction.php(49): SiteController->actionRegisterUser()
#4 /opt/lampp/htdocs/placement_portal/yii/framework/web/CController.php(308): CInlineAction->runWithParams(Array)
#5 /opt/lampp/htdocs/placement_portal/yii/framework/web/CController.php(286): CController->runAction(Object(CInlineAction))
#6 /opt/lampp/htdocs/placement_portal/yii/framework/web/CController.php(265): CController->runActionWithFilters(Object(CInlineAction), Array)
#7 /opt/lampp/htdocs/placement_portal/yii/framework/web/CWebApplication.php(282): CController->run('registerUser')
#8 /opt/lampp/htdocs/placement_portal/yii/framework/web/CWebApplication.php(141): CWebApplication->runController('site/registerUs...')
#9 /opt/lampp/htdocs/placement_portal/yii/framework/base/CApplication.php(180): CWebApplication->processRequest()
#10 /opt/lampp/htdocs/placement_portal/index.php(13): CApplication->run()
#11 {main}
REQUEST_URI=/placement_portal/index.php?r=site/registerUser
HTTP_REFERER=http://localhost/placement_portal/index.php?r=site/registerUser
---
2014/04/17 00:18:15 [error] [system.db.CDbCommand] CDbCommand::execute() failed: SQLSTATE[23000]: Integrity constraint violation: 1062 Duplicate entry 'lodhi.harshil@gmail.com' for key 'PRIMARY'. The SQL statement executed was: INSERT INTO `login` (`email_id`, `password`, `level`) VALUES (:yp0, :yp1, :yp2).
in /opt/lampp/htdocs/placement_portal/protected/controllers/SiteController.php (136)
in /opt/lampp/htdocs/placement_portal/index.php (13)
2014/04/17 00:18:15 [error] [exception.CDbException] exception 'CDbException' with message 'CDbCommand failed to execute the SQL statement: SQLSTATE[23000]: Integrity constraint violation: 1062 Duplicate entry 'lodhi.harshil@gmail.com' for key 'PRIMARY'. The SQL statement executed was: INSERT INTO `login` (`email_id`, `password`, `level`) VALUES (:yp0, :yp1, :yp2)' in /opt/lampp/htdocs/placement_portal/yii/framework/db/CDbCommand.php:358
Stack trace:
#0 /opt/lampp/htdocs/placement_portal/yii/framework/db/ar/CActiveRecord.php(1077): CDbCommand->execute()
#1 /opt/lampp/htdocs/placement_portal/yii/framework/db/ar/CActiveRecord.php(806): CActiveRecord->insert(NULL)
#2 /opt/lampp/htdocs/placement_portal/protected/controllers/SiteController.php(136): CActiveRecord->save()
#3 /opt/lampp/htdocs/placement_portal/yii/framework/web/actions/CInlineAction.php(49): SiteController->actionRegisterUser()
#4 /opt/lampp/htdocs/placement_portal/yii/framework/web/CController.php(308): CInlineAction->runWithParams(Array)
#5 /opt/lampp/htdocs/placement_portal/yii/framework/web/CController.php(286): CController->runAction(Object(CInlineAction))
#6 /opt/lampp/htdocs/placement_portal/yii/framework/web/CController.php(265): CController->runActionWithFilters(Object(CInlineAction), Array)
#7 /opt/lampp/htdocs/placement_portal/yii/framework/web/CWebApplication.php(282): CController->run('registerUser')
#8 /opt/lampp/htdocs/placement_portal/yii/framework/web/CWebApplication.php(141): CWebApplication->runController('site/registerUs...')
#9 /opt/lampp/htdocs/placement_portal/yii/framework/base/CApplication.php(180): CWebApplication->processRequest()
#10 /opt/lampp/htdocs/placement_portal/index.php(13): CApplication->run()
#11 {main}
REQUEST_URI=/placement_portal/index.php?r=site/registerUser
HTTP_REFERER=http://localhost/placement_portal/index.php?r=site/registerUser
---
2014/04/17 00:18:27 [error] [system.db.CDbCommand] CDbCommand::execute() failed: SQLSTATE[23000]: Integrity constraint violation: 1062 Duplicate entry 'lodhi.harshil@gmail.com' for key 'PRIMARY'. The SQL statement executed was: INSERT INTO `login` (`email_id`, `password`, `level`) VALUES (:yp0, :yp1, :yp2).
in /opt/lampp/htdocs/placement_portal/protected/controllers/SiteController.php (136)
in /opt/lampp/htdocs/placement_portal/index.php (13)
2014/04/17 00:18:27 [error] [exception.CDbException] exception 'CDbException' with message 'CDbCommand failed to execute the SQL statement: SQLSTATE[23000]: Integrity constraint violation: 1062 Duplicate entry 'lodhi.harshil@gmail.com' for key 'PRIMARY'. The SQL statement executed was: INSERT INTO `login` (`email_id`, `password`, `level`) VALUES (:yp0, :yp1, :yp2)' in /opt/lampp/htdocs/placement_portal/yii/framework/db/CDbCommand.php:358
Stack trace:
#0 /opt/lampp/htdocs/placement_portal/yii/framework/db/ar/CActiveRecord.php(1077): CDbCommand->execute()
#1 /opt/lampp/htdocs/placement_portal/yii/framework/db/ar/CActiveRecord.php(806): CActiveRecord->insert(NULL)
#2 /opt/lampp/htdocs/placement_portal/protected/controllers/SiteController.php(136): CActiveRecord->save()
#3 /opt/lampp/htdocs/placement_portal/yii/framework/web/actions/CInlineAction.php(49): SiteController->actionRegisterUser()
#4 /opt/lampp/htdocs/placement_portal/yii/framework/web/CController.php(308): CInlineAction->runWithParams(Array)
#5 /opt/lampp/htdocs/placement_portal/yii/framework/web/CController.php(286): CController->runAction(Object(CInlineAction))
#6 /opt/lampp/htdocs/placement_portal/yii/framework/web/CController.php(265): CController->runActionWithFilters(Object(CInlineAction), Array)
#7 /opt/lampp/htdocs/placement_portal/yii/framework/web/CWebApplication.php(282): CController->run('registerUser')
#8 /opt/lampp/htdocs/placement_portal/yii/framework/web/CWebApplication.php(141): CWebApplication->runController('site/registerUs...')
#9 /opt/lampp/htdocs/placement_portal/yii/framework/base/CApplication.php(180): CWebApplication->processRequest()
#10 /opt/lampp/htdocs/placement_portal/index.php(13): CApplication->run()
#11 {main}
REQUEST_URI=/placement_portal/index.php?r=site/registerUser
HTTP_REFERER=http://localhost/placement_portal/index.php?r=site/registerUser
---
2014/04/17 00:18:29 [error] [system.db.CDbCommand] CDbCommand::execute() failed: SQLSTATE[23000]: Integrity constraint violation: 1062 Duplicate entry 'lodhi.harshil@gmail.com' for key 'PRIMARY'. The SQL statement executed was: INSERT INTO `login` (`email_id`, `password`, `level`) VALUES (:yp0, :yp1, :yp2).
in /opt/lampp/htdocs/placement_portal/protected/controllers/SiteController.php (136)
in /opt/lampp/htdocs/placement_portal/index.php (13)
2014/04/17 00:18:29 [error] [exception.CDbException] exception 'CDbException' with message 'CDbCommand failed to execute the SQL statement: SQLSTATE[23000]: Integrity constraint violation: 1062 Duplicate entry 'lodhi.harshil@gmail.com' for key 'PRIMARY'. The SQL statement executed was: INSERT INTO `login` (`email_id`, `password`, `level`) VALUES (:yp0, :yp1, :yp2)' in /opt/lampp/htdocs/placement_portal/yii/framework/db/CDbCommand.php:358
Stack trace:
#0 /opt/lampp/htdocs/placement_portal/yii/framework/db/ar/CActiveRecord.php(1077): CDbCommand->execute()
#1 /opt/lampp/htdocs/placement_portal/yii/framework/db/ar/CActiveRecord.php(806): CActiveRecord->insert(NULL)
#2 /opt/lampp/htdocs/placement_portal/protected/controllers/SiteController.php(136): CActiveRecord->save()
#3 /opt/lampp/htdocs/placement_portal/yii/framework/web/actions/CInlineAction.php(49): SiteController->actionRegisterUser()
#4 /opt/lampp/htdocs/placement_portal/yii/framework/web/CController.php(308): CInlineAction->runWithParams(Array)
#5 /opt/lampp/htdocs/placement_portal/yii/framework/web/CController.php(286): CController->runAction(Object(CInlineAction))
#6 /opt/lampp/htdocs/placement_portal/yii/framework/web/CController.php(265): CController->runActionWithFilters(Object(CInlineAction), Array)
#7 /opt/lampp/htdocs/placement_portal/yii/framework/web/CWebApplication.php(282): CController->run('registerUser')
#8 /opt/lampp/htdocs/placement_portal/yii/framework/web/CWebApplication.php(141): CWebApplication->runController('site/registerUs...')
#9 /opt/lampp/htdocs/placement_portal/yii/framework/base/CApplication.php(180): CWebApplication->processRequest()
#10 /opt/lampp/htdocs/placement_portal/index.php(13): CApplication->run()
#11 {main}
REQUEST_URI=/placement_portal/index.php?r=site/registerUser
HTTP_REFERER=http://localhost/placement_portal/index.php?r=site/registerUser
---
2014/04/17 00:18:32 [error] [system.db.CDbCommand] CDbCommand::execute() failed: SQLSTATE[23000]: Integrity constraint violation: 1062 Duplicate entry 'lodhi.harshil@gmail.com' for key 'PRIMARY'. The SQL statement executed was: INSERT INTO `login` (`email_id`, `password`, `level`) VALUES (:yp0, :yp1, :yp2).
in /opt/lampp/htdocs/placement_portal/protected/controllers/SiteController.php (136)
in /opt/lampp/htdocs/placement_portal/index.php (13)
2014/04/17 00:18:32 [error] [exception.CDbException] exception 'CDbException' with message 'CDbCommand failed to execute the SQL statement: SQLSTATE[23000]: Integrity constraint violation: 1062 Duplicate entry 'lodhi.harshil@gmail.com' for key 'PRIMARY'. The SQL statement executed was: INSERT INTO `login` (`email_id`, `password`, `level`) VALUES (:yp0, :yp1, :yp2)' in /opt/lampp/htdocs/placement_portal/yii/framework/db/CDbCommand.php:358
Stack trace:
#0 /opt/lampp/htdocs/placement_portal/yii/framework/db/ar/CActiveRecord.php(1077): CDbCommand->execute()
#1 /opt/lampp/htdocs/placement_portal/yii/framework/db/ar/CActiveRecord.php(806): CActiveRecord->insert(NULL)
#2 /opt/lampp/htdocs/placement_portal/protected/controllers/SiteController.php(136): CActiveRecord->save()
#3 /opt/lampp/htdocs/placement_portal/yii/framework/web/actions/CInlineAction.php(49): SiteController->actionRegisterUser()
#4 /opt/lampp/htdocs/placement_portal/yii/framework/web/CController.php(308): CInlineAction->runWithParams(Array)
#5 /opt/lampp/htdocs/placement_portal/yii/framework/web/CController.php(286): CController->runAction(Object(CInlineAction))
#6 /opt/lampp/htdocs/placement_portal/yii/framework/web/CController.php(265): CController->runActionWithFilters(Object(CInlineAction), Array)
#7 /opt/lampp/htdocs/placement_portal/yii/framework/web/CWebApplication.php(282): CController->run('registerUser')
#8 /opt/lampp/htdocs/placement_portal/yii/framework/web/CWebApplication.php(141): CWebApplication->runController('site/registerUs...')
#9 /opt/lampp/htdocs/placement_portal/yii/framework/base/CApplication.php(180): CWebApplication->processRequest()
#10 /opt/lampp/htdocs/placement_portal/index.php(13): CApplication->run()
#11 {main}
REQUEST_URI=/placement_portal/index.php?r=site/registerUser
HTTP_REFERER=http://localhost/placement_portal/index.php?r=site/registerUser
---
2014/04/17 00:18:57 [error] [system.db.CDbCommand] CDbCommand::execute() failed: SQLSTATE[23000]: Integrity constraint violation: 1062 Duplicate entry 'lodhi.harshil@gmail.com' for key 'PRIMARY'. The SQL statement executed was: INSERT INTO `login` (`email_id`, `password`, `level`) VALUES (:yp0, :yp1, :yp2).
in /opt/lampp/htdocs/placement_portal/protected/controllers/SiteController.php (136)
in /opt/lampp/htdocs/placement_portal/index.php (13)
2014/04/17 00:18:57 [error] [exception.CDbException] exception 'CDbException' with message 'CDbCommand failed to execute the SQL statement: SQLSTATE[23000]: Integrity constraint violation: 1062 Duplicate entry 'lodhi.harshil@gmail.com' for key 'PRIMARY'. The SQL statement executed was: INSERT INTO `login` (`email_id`, `password`, `level`) VALUES (:yp0, :yp1, :yp2)' in /opt/lampp/htdocs/placement_portal/yii/framework/db/CDbCommand.php:358
Stack trace:
#0 /opt/lampp/htdocs/placement_portal/yii/framework/db/ar/CActiveRecord.php(1077): CDbCommand->execute()
#1 /opt/lampp/htdocs/placement_portal/yii/framework/db/ar/CActiveRecord.php(806): CActiveRecord->insert(NULL)
#2 /opt/lampp/htdocs/placement_portal/protected/controllers/SiteController.php(136): CActiveRecord->save()
#3 /opt/lampp/htdocs/placement_portal/yii/framework/web/actions/CInlineAction.php(49): SiteController->actionRegisterUser()
#4 /opt/lampp/htdocs/placement_portal/yii/framework/web/CController.php(308): CInlineAction->runWithParams(Array)
#5 /opt/lampp/htdocs/placement_portal/yii/framework/web/CController.php(286): CController->runAction(Object(CInlineAction))
#6 /opt/lampp/htdocs/placement_portal/yii/framework/web/CController.php(265): CController->runActionWithFilters(Object(CInlineAction), Array)
#7 /opt/lampp/htdocs/placement_portal/yii/framework/web/CWebApplication.php(282): CController->run('registerUser')
#8 /opt/lampp/htdocs/placement_portal/yii/framework/web/CWebApplication.php(141): CWebApplication->runController('site/registerUs...')
#9 /opt/lampp/htdocs/placement_portal/yii/framework/base/CApplication.php(180): CWebApplication->processRequest()
#10 /opt/lampp/htdocs/placement_portal/index.php(13): CApplication->run()
#11 {main}
REQUEST_URI=/placement_portal/index.php?r=site/registerUser
HTTP_REFERER=http://localhost/placement_portal/index.php?r=site/registerUser
---
2014/04/17 00:28:40 [error] [system.db.CDbCommand] CDbCommand::execute() failed: SQLSTATE[23000]: Integrity constraint violation: 1062 Duplicate entry 'lodhi.harshil@gmail.com' for key 'PRIMARY'. The SQL statement executed was: INSERT INTO `login` (`email_id`, `password`, `level`) VALUES (:yp0, :yp1, :yp2).
in /opt/lampp/htdocs/placement_portal/protected/controllers/SiteController.php (137)
in /opt/lampp/htdocs/placement_portal/index.php (13)
2014/04/17 00:28:40 [error] [exception.CDbException] exception 'CDbException' with message 'CDbCommand failed to execute the SQL statement: SQLSTATE[23000]: Integrity constraint violation: 1062 Duplicate entry 'lodhi.harshil@gmail.com' for key 'PRIMARY'. The SQL statement executed was: INSERT INTO `login` (`email_id`, `password`, `level`) VALUES (:yp0, :yp1, :yp2)' in /opt/lampp/htdocs/placement_portal/yii/framework/db/CDbCommand.php:358
Stack trace:
#0 /opt/lampp/htdocs/placement_portal/yii/framework/db/ar/CActiveRecord.php(1077): CDbCommand->execute()
#1 /opt/lampp/htdocs/placement_portal/yii/framework/db/ar/CActiveRecord.php(806): CActiveRecord->insert(NULL)
#2 /opt/lampp/htdocs/placement_portal/protected/controllers/SiteController.php(137): CActiveRecord->save()
#3 /opt/lampp/htdocs/placement_portal/yii/framework/web/actions/CInlineAction.php(49): SiteController->actionRegisterUser()
#4 /opt/lampp/htdocs/placement_portal/yii/framework/web/CController.php(308): CInlineAction->runWithParams(Array)
#5 /opt/lampp/htdocs/placement_portal/yii/framework/web/CController.php(286): CController->runAction(Object(CInlineAction))
#6 /opt/lampp/htdocs/placement_portal/yii/framework/web/CController.php(265): CController->runActionWithFilters(Object(CInlineAction), Array)
#7 /opt/lampp/htdocs/placement_portal/yii/framework/web/CWebApplication.php(282): CController->run('registerUser')
#8 /opt/lampp/htdocs/placement_portal/yii/framework/web/CWebApplication.php(141): CWebApplication->runController('site/registerUs...')
#9 /opt/lampp/htdocs/placement_portal/yii/framework/base/CApplication.php(180): CWebApplication->processRequest()
#10 /opt/lampp/htdocs/placement_portal/index.php(13): CApplication->run()
#11 {main}
REQUEST_URI=/placement_portal/index.php?r=site/registerUser
HTTP_REFERER=http://localhost/placement_portal/index.php?r=site/registerUser
---
2014/04/17 00:30:30 [error] [system.db.CDbCommand] CDbCommand::execute() failed: SQLSTATE[23000]: Integrity constraint violation: 1452 Cannot add or update a child row: a foreign key constraint fails (`placement`.`student`, CONSTRAINT `student_fk` FOREIGN KEY (`st_id`) REFERENCES `login` (`id`) ON DELETE CASCADE ON UPDATE CASCADE). The SQL statement executed was: INSERT INTO `student` (`gender`, `roll_no`, `name`, `cpi`, `dept`, `programme`, `category`, `phone_no`, `current_address`, `home_address`, `st_id`) VALUES (:yp0, :yp1, :yp2, :yp3, :yp4, :yp5, :yp6, :yp7, :yp8, :yp9, :yp10).
in /opt/lampp/htdocs/placement_portal/protected/controllers/SiteController.php (143)
in /opt/lampp/htdocs/placement_portal/index.php (13)
2014/04/17 00:30:30 [error] [exception.CDbException] exception 'CDbException' with message 'CDbCommand failed to execute the SQL statement: SQLSTATE[23000]: Integrity constraint violation: 1452 Cannot add or update a child row: a foreign key constraint fails (`placement`.`student`, CONSTRAINT `student_fk` FOREIGN KEY (`st_id`) REFERENCES `login` (`id`) ON DELETE CASCADE ON UPDATE CASCADE). The SQL statement executed was: INSERT INTO `student` (`gender`, `roll_no`, `name`, `cpi`, `dept`, `programme`, `category`, `phone_no`, `current_address`, `home_address`, `st_id`) VALUES (:yp0, :yp1, :yp2, :yp3, :yp4, :yp5, :yp6, :yp7, :yp8, :yp9, :yp10)' in /opt/lampp/htdocs/placement_portal/yii/framework/db/CDbCommand.php:358
Stack trace:
#0 /opt/lampp/htdocs/placement_portal/yii/framework/db/ar/CActiveRecord.php(1077): CDbCommand->execute()
#1 /opt/lampp/htdocs/placement_portal/yii/framework/db/ar/CActiveRecord.php(806): CActiveRecord->insert(NULL)
#2 /opt/lampp/htdocs/placement_portal/protected/controllers/SiteController.php(143): CActiveRecord->save()
#3 /opt/lampp/htdocs/placement_portal/yii/framework/web/actions/CInlineAction.php(49): SiteController->actionRegisterUser()
#4 /opt/lampp/htdocs/placement_portal/yii/framework/web/CController.php(308): CInlineAction->runWithParams(Array)
#5 /opt/lampp/htdocs/placement_portal/yii/framework/web/CController.php(286): CController->runAction(Object(CInlineAction))
#6 /opt/lampp/htdocs/placement_portal/yii/framework/web/CController.php(265): CController->runActionWithFilters(Object(CInlineAction), Array)
#7 /opt/lampp/htdocs/placement_portal/yii/framework/web/CWebApplication.php(282): CController->run('registerUser')
#8 /opt/lampp/htdocs/placement_portal/yii/framework/web/CWebApplication.php(141): CWebApplication->runController('site/registerUs...')
#9 /opt/lampp/htdocs/placement_portal/yii/framework/base/CApplication.php(180): CWebApplication->processRequest()
#10 /opt/lampp/htdocs/placement_portal/index.php(13): CApplication->run()
#11 {main}
REQUEST_URI=/placement_portal/index.php?r=site/registerUser
HTTP_REFERER=http://localhost/placement_portal/index.php?r=site/registerUser
---
2014/04/17 00:39:32 [error] [system.db.CDbCommand] CDbCommand::execute() failed: SQLSTATE[23000]: Integrity constraint violation: 1452 Cannot add or update a child row: a foreign key constraint fails (`placement`.`student`, CONSTRAINT `student_fk` FOREIGN KEY (`st_id`) REFERENCES `login` (`id`) ON DELETE CASCADE ON UPDATE CASCADE). The SQL statement executed was: INSERT INTO `student` (`gender`, `roll_no`, `name`, `cpi`, `dept`, `programme`, `category`, `phone_no`, `current_address`, `home_address`, `st_id`) VALUES (:yp0, :yp1, :yp2, :yp3, :yp4, :yp5, :yp6, :yp7, :yp8, :yp9, :yp10).
in /opt/lampp/htdocs/placement_portal/protected/controllers/SiteController.php (144)
in /opt/lampp/htdocs/placement_portal/index.php (13)
2014/04/17 00:46:59 [error] [system.db.CDbCommand] CDbCommand::execute() failed: SQLSTATE[23000]: Integrity constraint violation: 1452 Cannot add or update a child row: a foreign key constraint fails (`placement`.`student`, CONSTRAINT `student_fk` FOREIGN KEY (`st_id`) REFERENCES `login` (`id`) ON DELETE CASCADE ON UPDATE CASCADE). The SQL statement executed was: INSERT INTO `student` (`gender`, `roll_no`, `name`, `cpi`, `dept`, `programme`, `category`, `phone_no`, `current_address`, `home_address`, `st_id`) VALUES (:yp0, :yp1, :yp2, :yp3, :yp4, :yp5, :yp6, :yp7, :yp8, :yp9, :yp10). Bound with :yp0='M', :yp1=11010121, :yp2='Harshil Lodhi', :yp3='9.1', :yp4='CSE', :yp5='BTECH', :yp6='GEN', :yp7='', :yp8='dihing', :yp9='nagpur', :yp10=0.
in /opt/lampp/htdocs/placement_portal/protected/controllers/SiteController.php (145)
in /opt/lampp/htdocs/placement_portal/index.php (13)
2014/04/17 00:49:14 [error] [system.db.CDbCommand] CDbCommand::execute() failed: SQLSTATE[23000]: Integrity constraint violation: 1452 Cannot add or update a child row: a foreign key constraint fails (`placement`.`student`, CONSTRAINT `student_fk` FOREIGN KEY (`st_id`) REFERENCES `login` (`id`) ON DELETE CASCADE ON UPDATE CASCADE). The SQL statement executed was: INSERT INTO `student` (`gender`, `roll_no`, `name`, `cpi`, `dept`, `programme`, `category`, `phone_no`, `current_address`, `home_address`, `st_id`) VALUES (:yp0, :yp1, :yp2, :yp3, :yp4, :yp5, :yp6, :yp7, :yp8, :yp9, :yp10). Bound with :yp0='M', :yp1=11010121, :yp2='Harshil Lodhi', :yp3='9.1', :yp4='CSE', :yp5='BTECH', :yp6='GEN', :yp7='', :yp8='dihing', :yp9='nagpur', :yp10=0.
in /opt/lampp/htdocs/placement_portal/protected/controllers/SiteController.php (145)
in /opt/lampp/htdocs/placement_portal/index.php (13)
2014/04/17 00:52:16 [error] [system.db.CDbCommand] CDbCommand::execute() failed: SQLSTATE[23000]: Integrity constraint violation: 1062 Duplicate entry 'lodhi.harshil@gmail.com' for key 'PRIMARY'. The SQL statement executed was: INSERT INTO `login` (`email_id`, `password`, `level`) VALUES (:yp0, :yp1, :yp2). Bound with :yp0='lodhi.harshil@gmail.com', :yp1='d41d8cd98f00b204e9800998ecf8427e', :yp2=1.
in /opt/lampp/htdocs/placement_portal/protected/controllers/SiteController.php (140)
in /opt/lampp/htdocs/placement_portal/index.php (13)
2014/04/17 00:52:55 [error] [system.db.CDbCommand] CDbCommand::execute() failed: SQLSTATE[23000]: Integrity constraint violation: 1062 Duplicate entry 'lodhi.harshil@gmail.com' for key 'PRIMARY'. The SQL statement executed was: INSERT INTO `login` (`email_id`, `password`, `level`) VALUES (:yp0, :yp1, :yp2).
in /opt/lampp/htdocs/placement_portal/protected/controllers/SiteController.php (140)
in /opt/lampp/htdocs/placement_portal/index.php (13)
2014/04/17 00:52:55 [error] [system.db.CDbCommand] CDbCommand::execute() failed: SQLSTATE[23000]: Integrity constraint violation: 1062 Duplicate entry 'lodhi.harshil@gmail.com' for key 'PRIMARY'. The SQL statement executed was: INSERT INTO `login` (`email_id`, `password`, `level`) VALUES (:yp0, :yp1, :yp2).
in /opt/lampp/htdocs/placement_portal/protected/controllers/SiteController.php (140)
in /opt/lampp/htdocs/placement_portal/index.php (13)
2014/04/17 01:06:56 [error] [system.db.CDbCommand] CDbCommand::execute() failed: SQLSTATE[23000]: Integrity constraint violation: 1062 Duplicate entry 'sc.shobhit@gmail.com' for key 'PRIMARY'. The SQL statement executed was: INSERT INTO `login` (`email_id`, `password`, `level`) VALUES (:yp0, :yp1, :yp2).
in /opt/lampp/htdocs/placement_portal/protected/controllers/SiteController.php (140)
in /opt/lampp/htdocs/placement_portal/index.php (13)
2014/04/17 01:06:59 [error] [system.db.CDbCommand] CDbCommand::execute() failed: SQLSTATE[23000]: Integrity constraint violation: 1062 Duplicate entry 'sc.shobhit@gmail.com' for key 'PRIMARY'. The SQL statement executed was: INSERT INTO `login` (`email_id`, `password`, `level`) VALUES (:yp0, :yp1, :yp2).
in /opt/lampp/htdocs/placement_portal/protected/controllers/SiteController.php (140)
in /opt/lampp/htdocs/placement_portal/index.php (13)
2014/04/17 01:07:08 [error] [system.db.CDbCommand] CDbCommand::execute() failed: SQLSTATE[23000]: Integrity constraint violation: 1062 Duplicate entry 'sc.shobhit@gmail.com' for key 'PRIMARY'. The SQL statement executed was: INSERT INTO `login` (`email_id`, `password`, `level`) VALUES (:yp0, :yp1, :yp2).
in /opt/lampp/htdocs/placement_portal/protected/controllers/SiteController.php (140)
in /opt/lampp/htdocs/placement_portal/index.php (13)
2014/04/17 01:07:09 [error] [system.db.CDbCommand] CDbCommand::execute() failed: SQLSTATE[23000]: Integrity constraint violation: 1062 Duplicate entry 'sc.shobhit@gmail.com' for key 'PRIMARY'. The SQL statement executed was: INSERT INTO `login` (`email_id`, `password`, `level`) VALUES (:yp0, :yp1, :yp2).
in /opt/lampp/htdocs/placement_portal/protected/controllers/SiteController.php (140)
in /opt/lampp/htdocs/placement_portal/index.php (13)
2014/04/17 01:07:12 [error] [system.db.CDbCommand] CDbCommand::execute() failed: SQLSTATE[23000]: Integrity constraint violation: 1062 Duplicate entry 'sc.shobhit@gmail.com' for key 'PRIMARY'. The SQL statement executed was: INSERT INTO `login` (`email_id`, `password`, `level`) VALUES (:yp0, :yp1, :yp2).
in /opt/lampp/htdocs/placement_portal/protected/controllers/SiteController.php (140)
in /opt/lampp/htdocs/placement_portal/index.php (13)
2014/04/17 01:07:14 [error] [system.db.CDbCommand] CDbCommand::execute() failed: SQLSTATE[23000]: Integrity constraint violation: 1062 Duplicate entry 'sc.shobhit@gmail.com' for key 'PRIMARY'. The SQL statement executed was: INSERT INTO `login` (`email_id`, `password`, `level`) VALUES (:yp0, :yp1, :yp2).
in /opt/lampp/htdocs/placement_portal/protected/controllers/SiteController.php (140)
in /opt/lampp/htdocs/placement_portal/index.php (13)
2014/04/17 01:07:18 [error] [system.db.CDbCommand] CDbCommand::execute() failed: SQLSTATE[23000]: Integrity constraint violation: 1062 Duplicate entry 'sc.shobhit@gmail.com' for key 'PRIMARY'. The SQL statement executed was: INSERT INTO `login` (`email_id`, `password`, `level`) VALUES (:yp0, :yp1, :yp2).
in /opt/lampp/htdocs/placement_portal/protected/controllers/SiteController.php (140)
in /opt/lampp/htdocs/placement_portal/index.php (13)
2014/04/17 01:07:20 [error] [system.db.CDbCommand] CDbCommand::execute() failed: SQLSTATE[23000]: Integrity constraint violation: 1062 Duplicate entry 'sc.shobhit@gmail.com' for key 'PRIMARY'. The SQL statement executed was: INSERT INTO `login` (`email_id`, `password`, `level`) VALUES (:yp0, :yp1, :yp2).
in /opt/lampp/htdocs/placement_portal/protected/controllers/SiteController.php (140)
in /opt/lampp/htdocs/placement_portal/index.php (13)
2014/04/17 01:07:30 [error] [system.db.CDbCommand] CDbCommand::execute() failed: SQLSTATE[23000]: Integrity constraint violation: 1062 Duplicate entry 'sc.shobhit@gmail.com' for key 'PRIMARY'. The SQL statement executed was: INSERT INTO `login` (`email_id`, `password`, `level`) VALUES (:yp0, :yp1, :yp2).
in /opt/lampp/htdocs/placement_portal/protected/controllers/SiteController.php (140)
in /opt/lampp/htdocs/placement_portal/index.php (13)
2014/04/17 01:07:32 [error] [system.db.CDbCommand] CDbCommand::execute() failed: SQLSTATE[23000]: Integrity constraint violation: 1062 Duplicate entry 'sc.shobhit@gmail.com' for key 'PRIMARY'. The SQL statement executed was: INSERT INTO `login` (`email_id`, `password`, `level`) VALUES (:yp0, :yp1, :yp2).
in /opt/lampp/htdocs/placement_portal/protected/controllers/SiteController.php (140)
in /opt/lampp/htdocs/placement_portal/index.php (13)
2014/04/17 01:07:34 [error] [system.db.CDbCommand] CDbCommand::execute() failed: SQLSTATE[23000]: Integrity constraint violation: 1062 Duplicate entry 'sc.shobhit@gmail.com' for key 'PRIMARY'. The SQL statement executed was: INSERT INTO `login` (`email_id`, `password`, `level`) VALUES (:yp0, :yp1, :yp2).
in /opt/lampp/htdocs/placement_portal/protected/controllers/SiteController.php (140)
in /opt/lampp/htdocs/placement_portal/index.php (13)
2014/04/17 01:08:20 [error] [system.db.CDbCommand] CDbCommand::execute() failed: SQLSTATE[23000]: Integrity constraint violation: 1062 Duplicate entry 'sc.shobhit@gmail.com' for key 'PRIMARY'. The SQL statement executed was: INSERT INTO `login` (`email_id`, `password`, `level`) VALUES (:yp0, :yp1, :yp2).
in /opt/lampp/htdocs/placement_portal/protected/controllers/SiteController.php (141)
in /opt/lampp/htdocs/placement_portal/index.php (13)
2014/04/17 01:08:26 [error] [system.db.CDbCommand] CDbCommand::execute() failed: SQLSTATE[23000]: Integrity constraint violation: 1062 Duplicate entry 'sc.shobhit@gmail.com' for key 'PRIMARY'. The SQL statement executed was: INSERT INTO `login` (`email_id`, `password`, `level`) VALUES (:yp0, :yp1, :yp2).
in /opt/lampp/htdocs/placement_portal/protected/controllers/SiteController.php (141)
in /opt/lampp/htdocs/placement_portal/index.php (13)
2014/04/17 01:08:47 [error] [system.db.CDbCommand] CDbCommand::execute() failed: SQLSTATE[23000]: Integrity constraint violation: 1062 Duplicate entry 'sc.shobhit@gmail.com' for key 'PRIMARY'. The SQL statement executed was: INSERT INTO `login` (`email_id`, `password`, `level`) VALUES (:yp0, :yp1, :yp2).
in /opt/lampp/htdocs/placement_portal/protected/controllers/SiteController.php (141)
in /opt/lampp/htdocs/placement_portal/index.php (13)
2014/04/17 01:09:34 [error] [system.db.CDbCommand] CDbCommand::execute() failed: SQLSTATE[23000]: Integrity constraint violation: 1062 Duplicate entry 'sc.shobhit@gmail.com' for key 'PRIMARY'. The SQL statement executed was: INSERT INTO `login` (`email_id`, `password`, `level`) VALUES (:yp0, :yp1, :yp2).
in /opt/lampp/htdocs/placement_portal/protected/controllers/SiteController.php (141)
in /opt/lampp/htdocs/placement_portal/index.php (13)
2014/04/17 01:09:34 [error] [php] Array to string conversion (/opt/lampp/htdocs/placement_portal/protected/views/layouts/main.php:50)
Stack trace:
#0 /opt/lampp/htdocs/placement_portal/yii/framework/web/widgets/CContentDecorator.php(76): SiteController->renderFile()
#1 /opt/lampp/htdocs/placement_portal/yii/framework/web/widgets/CContentDecorator.php(54): CContentDecorator->decorate()
#2 /opt/lampp/htdocs/placement_portal/yii/framework/web/widgets/COutputProcessor.php(44): CContentDecorator->processOutput()
#3 /opt/lampp/htdocs/placement_portal/yii/framework/web/CBaseController.php(206): CContentDecorator->run()
#4 /opt/lampp/htdocs/placement_portal/yii/framework/web/CBaseController.php(300): SiteController->endWidget()
#5 /opt/lampp/htdocs/placement_portal/protected/views/layouts/column1.php(6): SiteController->endContent()
#6 /opt/lampp/htdocs/placement_portal/yii/framework/web/CBaseController.php(126): require()
#7 /opt/lampp/htdocs/placement_portal/yii/framework/web/CBaseController.php(95): SiteController->renderInternal()
#8 /opt/lampp/htdocs/placement_portal/yii/framework/web/CController.php(784): SiteController->renderFile()
#9 /opt/lampp/htdocs/placement_portal/protected/controllers/SiteController.php(161): SiteController->render()
#10 /opt/lampp/htdocs/placement_portal/yii/framework/web/actions/CInlineAction.php(49): SiteController->actionRegisterUser()
#11 /opt/lampp/htdocs/placement_portal/yii/framework/web/CController.php(308): CInlineAction->runWithParams()
#12 /opt/lampp/htdocs/placement_portal/yii/framework/web/CController.php(286): SiteController->runAction()
#13 /opt/lampp/htdocs/placement_portal/yii/framework/web/CController.php(265): SiteController->runActionWithFilters()
#14 /opt/lampp/htdocs/placement_portal/yii/framework/web/CWebApplication.php(282): SiteController->run()
#15 /opt/lampp/htdocs/placement_portal/yii/framework/web/CWebApplication.php(141): CWebApplication->runController()
#16 /opt/lampp/htdocs/placement_portal/yii/framework/base/CApplication.php(180): CWebApplication->processRequest()
#17 /opt/lampp/htdocs/placement_portal/index.php(13): CWebApplication->run()
REQUEST_URI=/placement_portal/index.php?r=site/registerUser
in /opt/lampp/htdocs/placement_portal/protected/views/layouts/main.php (50)
in /opt/lampp/htdocs/placement_portal/protected/views/layouts/column1.php (6)
in /opt/lampp/htdocs/placement_portal/protected/controllers/SiteController.php (161)
2014/04/17 01:10:57 [error] [system.db.CDbCommand] CDbCommand::execute() failed: SQLSTATE[23000]: Integrity constraint violation: 1062 Duplicate entry 'sc.shobhit@gmail.com' for key 'PRIMARY'. The SQL statement executed was: INSERT INTO `login` (`email_id`, `password`, `level`) VALUES (:yp0, :yp1, :yp2).
in /opt/lampp/htdocs/placement_portal/protected/controllers/SiteController.php (141)
in /opt/lampp/htdocs/placement_portal/index.php (13)
2014/04/17 01:31:19 [error] [php] Undefined variable: modelStudent (/opt/lampp/htdocs/placement_portal/protected/controllers/SiteController.php:199)
Stack trace:
#0 /opt/lampp/htdocs/placement_portal/yii/framework/web/CController.php(286): SiteController->runAction()
#1 /opt/lampp/htdocs/placement_portal/yii/framework/web/CController.php(265): SiteController->runActionWithFilters()
#2 /opt/lampp/htdocs/placement_portal/yii/framework/web/CWebApplication.php(282): SiteController->run()
#3 /opt/lampp/htdocs/placement_portal/yii/framework/web/CWebApplication.php(141): CWebApplication->runController()
#4 /opt/lampp/htdocs/placement_portal/yii/framework/base/CApplication.php(180): CWebApplication->processRequest()
#5 /opt/lampp/htdocs/placement_portal/index.php(13): CWebApplication->run()
REQUEST_URI=/placement_portal/index.php?r=site/registerCompany
in /opt/lampp/htdocs/placement_portal/protected/controllers/SiteController.php (199)
in /opt/lampp/htdocs/placement_portal/index.php (13)
2014/04/17 01:31:48 [error] [php] Undefined variable: modelCompany (/opt/lampp/htdocs/placement_portal/protected/views/site/_regCompanyForm.php:16)
Stack trace:
#0 /opt/lampp/htdocs/placement_portal/yii/framework/web/CController.php(869): SiteController->renderFile()
#1 /opt/lampp/htdocs/placement_portal/protected/views/site/regCompany.php(16): SiteController->renderPartial()
#2 /opt/lampp/htdocs/placement_portal/yii/framework/web/CBaseController.php(126): require()
#3 /opt/lampp/htdocs/placement_portal/yii/framework/web/CBaseController.php(95): SiteController->renderInternal()
#4 /opt/lampp/htdocs/placement_portal/yii/framework/web/CController.php(869): SiteController->renderFile()
#5 /opt/lampp/htdocs/placement_portal/yii/framework/web/CController.php(782): SiteController->renderPartial()
#6 /opt/lampp/htdocs/placement_portal/protected/controllers/SiteController.php(199): SiteController->render()
#7 /opt/lampp/htdocs/placement_portal/yii/framework/web/actions/CInlineAction.php(49): SiteController->actionRegisterCompany()
#8 /opt/lampp/htdocs/placement_portal/yii/framework/web/CController.php(308): CInlineAction->runWithParams()
#9 /opt/lampp/htdocs/placement_portal/yii/framework/web/CController.php(286): SiteController->runAction()
#10 /opt/lampp/htdocs/placement_portal/yii/framework/web/CController.php(265): SiteController->runActionWithFilters()
#11 /opt/lampp/htdocs/placement_portal/yii/framework/web/CWebApplication.php(282): SiteController->run()
#12 /opt/lampp/htdocs/placement_portal/yii/framework/web/CWebApplication.php(141): CWebApplication->runController()
#13 /opt/lampp/htdocs/placement_portal/yii/framework/base/CApplication.php(180): CWebApplication->processRequest()
#14 /opt/lampp/htdocs/placement_portal/index.php(13): CWebApplication->run()
REQUEST_URI=/placement_portal/index.php?r=site/registerCompany
in /opt/lampp/htdocs/placement_portal/protected/views/site/_regCompanyForm.php (16)
in /opt/lampp/htdocs/placement_portal/protected/views/site/regCompany.php (16)
in /opt/lampp/htdocs/placement_portal/protected/controllers/SiteController.php (199)
